11/29/2025, 7:26:39 PM GMT-3 0: 

----------------------------------------------
11/29/2025, 7:26:39 PM GMT-3 1: Discord starting: {"releaseChannel":"stable","version":"0.0.116"}, modulepath: /home/miranda/.config/discord/0.0.116/modules
11/29/2025, 7:26:39 PM GMT-3 2: ✅ webContents.created web1 ""
11/29/2025, 7:26:39 PM GMT-3 3: ✅ window.created win1 "discord"
11/29/2025, 7:26:39 PM GMT-3 4: ✅ webContents.did-finish-load web1
11/29/2025, 7:26:48 PM GMT-3 5: ✅ webContents.created web2 ""
11/29/2025, 7:26:48 PM GMT-3 6: ✅ window.created win2 "Discord"
11/29/2025, 7:26:49 PM GMT-3 7: ✅ webContents.did-finish-load web2
11/29/2025, 7:26:51 PM GMT-3 8: window.close win1
11/29/2025, 7:26:51 PM GMT-3 9: webContents.destroyed web1
11/29/2025, 7:26:51 PM GMT-3 10: window.closed win1
11/29/2025, 7:48:27 PM GMT-3 11: window.close win2
11/29/2025, 7:56:28 PM GMT-3 12: window.close win2
11/29/2025, 7:56:57 PM GMT-3 13: before-quit
11/29/2025, 7:56:57 PM GMT-3 14: window.close win2
11/29/2025, 7:56:57 PM GMT-3 15: ❌ child-process-gone {
  type: 'Utility',
  reason: 'killed',
  exitCode: 15,
  serviceName: 'audio.mojom.AudioService',
  name: 'Audio Service'
}
