2025-12-01 15:50:23.797 [info] Reading sessions from keychain...
2025-12-01 15:50:23.798 [info] Getting sessions for all scopes...
2025-12-01 15:50:23.865 [info] Got stored sessions!
2025-12-01 15:50:23.865 [info] Got 1 verified sessions.
2025-12-01 15:50:23.865 [info] Got 1 sessions for ...
2025-12-01 15:50:23.865 [info] Getting sessions for all scopes...
2025-12-01 15:50:23.865 [info] Got 1 sessions for ...
2025-12-01 15:50:23.865 [info] Getting sessions for all scopes...
2025-12-01 15:50:23.865 [info] Got 1 sessions for ...
2025-12-01 15:50:23.865 [info] Getting sessions for all scopes...
2025-12-01 15:50:23.865 [info] Got 1 sessions for ...
2025-12-01 15:50:23.866 [info] Getting sessions for all scopes...
2025-12-01 15:50:23.866 [info] Got 1 sessions for ...
2025-12-01 15:50:23.866 [info] Getting sessions for all scopes...
2025-12-01 15:50:23.866 [info] Got 1 sessions for ...
2025-12-01 15:50:23.866 [info] Getting sessions for all scopes...
2025-12-01 15:50:23.866 [info] Got 1 sessions for ...
2025-12-01 15:50:23.867 [info] Getting sessions for all scopes...
2025-12-01 15:50:23.867 [info] Got 1 sessions for ...
2025-12-01 15:50:24.078 [info] Getting sessions for all scopes...
2025-12-01 15:50:24.078 [info] Got 1 sessions for ...
2025-12-01 15:50:24.079 [info] Getting sessions for all scopes...
2025-12-01 15:50:24.079 [info] Got 1 sessions for ...
2025-12-01 15:50:24.079 [info] Getting sessions for all scopes...
2025-12-01 15:50:24.079 [info] Got 1 sessions for ...
2025-12-01 15:50:24.079 [info] Getting sessions for all scopes...
2025-12-01 15:50:24.079 [info] Got 1 sessions for ...
2025-12-01 15:50:24.079 [info] Getting sessions for all scopes...
2025-12-01 15:50:24.079 [info] Got 1 sessions for ...
2025-12-01 15:50:24.676 [info] Getting sessions for all scopes...
2025-12-01 15:50:24.676 [info] Got 1 sessions for ...
2025-12-01 15:50:24.786 [info] Getting sessions for read:user,repo,user:email,workflow...
2025-12-01 15:50:24.786 [info] Got 1 sessions for read:user,repo,user:email,workflow...
2025-12-01 15:50:25.039 [info] Getting sessions for all scopes...
2025-12-01 15:50:25.039 [info] Got 1 sessions for ...
2025-12-01 15:50:25.333 [info] Getting sessions for all scopes...
2025-12-01 15:50:25.333 [info] Got 1 sessions for ...
2025-12-01 15:50:25.351 [info] FetcherService: Electron fetch failed with status: 429 
2025-12-01 15:50:25.859 [info] FetcherService: Node fetch failed with status: 429 Too Many Requests
2025-12-01 15:50:26.339 [info] FetcherService: Node http/s failed with status: 429 Too Many Requests
