2025-12-01 15:49:02.984 [info] [main] Log level: Info
2025-12-01 15:49:02.984 [info] [main] Validating found git in: "git"
2025-12-01 15:49:02.984 [info] [main] Using git "2.52.0" from "git"
2025-12-01 15:49:02.984 [info] [Model][doInitialScan] Initial repository scan started
2025-12-01 15:49:02.984 [info] > git rev-parse --show-toplevel [5ms]
2025-12-01 15:49:02.984 [info] > git rev-parse --git-dir --git-common-dir --show-superproject-working-tree [5ms]
2025-12-01 15:49:02.984 [info] [Model][openRepository] Opened repository (path): /home/miranda/my-hyprland-config
2025-12-01 15:49:02.984 [info] [Model][openRepository] Opened repository (real path): /home/miranda/my-hyprland-config
2025-12-01 15:49:02.984 [info] [Model][openRepository] Opened repository (kind): repository
2025-12-01 15:49:02.984 [info] > git config --get commit.template [7ms]
2025-12-01 15:49:02.984 [info] > git rev-parse --show-toplevel [6ms]
2025-12-01 15:49:02.984 [info] > git for-each-ref --format=%(refname)%00%(upstream:short)%00%(objectname)%00%(upstream:track)%00%(upstream:remotename)%00%(upstream:remoteref) refs/heads/main refs/remotes/main [8ms]
2025-12-01 15:49:02.984 [info] > git rev-parse --show-toplevel [3ms]
2025-12-01 15:49:02.984 [info] [Model][doInitialScan] Initial repository scan completed - repositories (1), closed repositories (0), parent repositories (0), unsafe repositories (0)
2025-12-01 15:49:02.984 [info] > git status -z -uall [9ms]
2025-12-01 15:49:02.984 [info] > git for-each-ref --sort -committerdate --format %(refname)%00%(objectname)%00%(*objectname) [38ms]
2025-12-01 15:49:02.990 [info] > git for-each-ref --format=%(refname)%00%(upstream:short)%00%(objectname)%00%(upstream:track)%00%(upstream:remotename)%00%(upstream:remoteref) refs/heads/main refs/remotes/main [10ms]
2025-12-01 15:49:03.027 [info] > git config --get --local branch.main.vscode-merge-base [31ms]
2025-12-01 15:49:03.027 [warning] [Git][config] git config failed: Failed to execute git
2025-12-01 15:49:03.032 [info] > git config --get commit.template [43ms]
2025-12-01 15:49:03.051 [info] > git reflog main --grep-reflog=branch: Created from *. [19ms]
2025-12-01 15:49:03.069 [info] > git for-each-ref --format=%(refname)%00%(upstream:short)%00%(objectname)%00%(upstream:track)%00%(upstream:remotename)%00%(upstream:remoteref) refs/heads/main refs/remotes/main [7ms]
2025-12-01 15:49:03.069 [info] > git symbolic-ref --short refs/remotes/origin/HEAD [12ms]
2025-12-01 15:49:03.076 [info] > git for-each-ref --format=%(refname)%00%(upstream:short)%00%(objectname)%00%(upstream:track)%00%(upstream:remotename)%00%(upstream:remoteref) refs/heads/origin/main refs/remotes/origin/main [2ms]
2025-12-01 15:49:03.092 [info] > git status -z -uall [7ms]
2025-12-01 15:49:03.093 [info] > git config --add --local branch.main.vscode-merge-base origin/main [13ms]
2025-12-01 15:49:03.093 [info] > git for-each-ref --sort -committerdate --format %(refname)%00%(objectname)%00%(*objectname) [2ms] (cancelled)
2025-12-01 15:49:03.102 [info] > git config --get commit.template [3ms]
2025-12-01 15:49:03.109 [info] > git for-each-ref --format=%(refname)%00%(upstream:short)%00%(objectname)%00%(upstream:track)%00%(upstream:remotename)%00%(upstream:remoteref) refs/heads/main refs/remotes/main [2ms]
2025-12-01 15:49:03.120 [info] > git status -z -uall [5ms]
2025-12-01 15:49:03.120 [info] > git for-each-ref --sort -committerdate --format %(refname)%00%(objectname)%00%(*objectname) [2ms]
2025-12-01 15:49:03.143 [info] > git merge-base refs/heads/main refs/remotes/origin/main [15ms]
2025-12-01 15:49:03.153 [info] > git diff --name-status -z --diff-filter=ADMR --find-renames=50% 95039307023ef5246fa385da827ad3c2fba968de...refs/remotes/origin/main -- [3ms]
2025-12-01 15:49:03.154 [info] > git merge-base refs/heads/main refs/remotes/origin/main [20ms]
2025-12-01 15:49:03.163 [info] > git diff --name-status -z --diff-filter=ADMR --find-renames=50% 95039307023ef5246fa385da827ad3c2fba968de...refs/remotes/origin/main -- [4ms]
2025-12-01 15:49:03.429 [info] > git check-ignore -v -z --stdin [1ms]
2025-12-01 15:49:04.188 [info] > git config --get commit.template [11ms]
2025-12-01 15:49:04.190 [info] > git for-each-ref --format=%(refname)%00%(upstream:short)%00%(objectname)%00%(upstream:track)%00%(upstream:remotename)%00%(upstream:remoteref) refs/heads/main refs/remotes/main [3ms]
2025-12-01 15:49:04.206 [info] > git status -z -uall [8ms]
2025-12-01 15:49:04.209 [info] > git for-each-ref --sort -committerdate --format %(refname)%00%(objectname)%00%(*objectname) [3ms]
2025-12-01 15:49:13.358 [info] > git show --textconv :README.md [8ms]
2025-12-01 15:49:13.359 [info] > git ls-files --stage -- README.md [2ms]
2025-12-01 15:49:13.368 [info] > git cat-file -s 5c7ca4d6c019cfaeeeefb6a59fb3bf35277a3837 [2ms]
2025-12-01 15:49:22.416 [info] > git check-ignore -v -z --stdin [2ms]
2025-12-01 15:49:30.601 [info] > git config --get commit.template [12ms]
2025-12-01 15:49:30.602 [info] > git for-each-ref --format=%(refname)%00%(upstream:short)%00%(objectname)%00%(upstream:track)%00%(upstream:remotename)%00%(upstream:remoteref) refs/heads/main refs/remotes/main [3ms]
2025-12-01 15:49:30.627 [info] > git status -z -uall [13ms]
2025-12-01 15:49:30.629 [info] > git for-each-ref --sort -committerdate --format %(refname)%00%(objectname)%00%(*objectname) [3ms]
2025-12-01 15:49:30.688 [info] > git ls-files --stage -- README.md [2ms]
2025-12-01 15:49:30.699 [info] > git cat-file -s 5c7ca4d6c019cfaeeeefb6a59fb3bf35277a3837 [3ms]
2025-12-01 15:49:30.713 [info] > git show --textconv :README.md [4ms]
2025-12-01 15:49:35.613 [info] > git config --get commit.template [9ms]
2025-12-01 15:49:35.616 [info] > git for-each-ref --format=%(refname)%00%(upstream:short)%00%(objectname)%00%(upstream:track)%00%(upstream:remotename)%00%(upstream:remoteref) refs/heads/main refs/remotes/main [3ms]
2025-12-01 15:49:35.628 [info] > git status -z -uall [6ms]
2025-12-01 15:49:35.629 [info] > git for-each-ref --sort -committerdate --format %(refname)%00%(objectname)%00%(*objectname) [2ms]
2025-12-01 15:49:36.731 [info] > git ls-files --stage -- README.md [2ms]
2025-12-01 15:49:36.741 [info] > git cat-file -s 5c7ca4d6c019cfaeeeefb6a59fb3bf35277a3837 [2ms]
2025-12-01 15:49:36.757 [info] > git show --textconv :README.md [4ms]
2025-12-01 15:49:42.649 [info] > git config --get commit.template [6ms]
2025-12-01 15:49:42.650 [info] > git for-each-ref --format=%(refname)%00%(upstream:short)%00%(objectname)%00%(upstream:track)%00%(upstream:remotename)%00%(upstream:remoteref) refs/heads/main refs/remotes/main [2ms]
2025-12-01 15:49:42.662 [info] > git status -z -uall [6ms]
2025-12-01 15:49:42.663 [info] > git for-each-ref --sort -committerdate --format %(refname)%00%(objectname)%00%(*objectname) [2ms]
2025-12-01 15:49:42.674 [info] > git merge-base refs/heads/main refs/remotes/origin/main [1ms]
2025-12-01 15:49:42.683 [info] > git diff --name-status -z --diff-filter=ADMR --find-renames=50% 95039307023ef5246fa385da827ad3c2fba968de...refs/remotes/origin/main -- [2ms]
2025-12-01 15:49:43.701 [info] > git config --get commit.template [8ms]
2025-12-01 15:49:43.702 [info] > git for-each-ref --format=%(refname)%00%(upstream:short)%00%(objectname)%00%(upstream:track)%00%(upstream:remotename)%00%(upstream:remoteref) refs/heads/main refs/remotes/main [2ms]
2025-12-01 15:49:43.714 [info] > git status -z -uall [6ms]
2025-12-01 15:49:43.715 [info] > git for-each-ref --sort -committerdate --format %(refname)%00%(objectname)%00%(*objectname) [1ms]
2025-12-01 15:49:43.794 [info] > git ls-files --stage -- README.md [2ms]
2025-12-01 15:49:43.803 [info] > git cat-file -s 5c7ca4d6c019cfaeeeefb6a59fb3bf35277a3837 [2ms]
2025-12-01 15:49:43.816 [info] > git show --textconv :README.md [1ms]
2025-12-01 15:49:52.045 [info] > git config --get commit.template [8ms]
2025-12-01 15:49:52.046 [info] > git for-each-ref --format=%(refname)%00%(upstream:short)%00%(objectname)%00%(upstream:track)%00%(upstream:remotename)%00%(upstream:remoteref) refs/heads/main refs/remotes/main [2ms]
2025-12-01 15:49:52.061 [info] > git status -z -uall [7ms]
2025-12-01 15:49:52.061 [info] > git for-each-ref --sort -committerdate --format %(refname)%00%(objectname)%00%(*objectname) [2ms]
2025-12-01 15:49:52.074 [info] > git merge-base refs/heads/main refs/remotes/origin/main [3ms]
2025-12-01 15:49:52.081 [info] > git diff --name-status -z --diff-filter=ADMR --find-renames=50% 400765398b5a19f9b5d20fd2a1cd573cbdad77c0...refs/remotes/origin/main -- [2ms]
2025-12-01 15:49:53.176 [info] > git ls-files --stage -- README.md [2ms]
2025-12-01 15:49:53.186 [info] > git cat-file -s 5c7ca4d6c019cfaeeeefb6a59fb3bf35277a3837 [1ms]
2025-12-01 15:49:53.199 [info] > git show --textconv :README.md [2ms]
