2025-12-01 15:19:24.175 [info] Reading sessions from keychain...
2025-12-01 15:19:24.175 [info] Getting sessions for all scopes...
2025-12-01 15:19:24.175 [info] Got stored sessions!
2025-12-01 15:19:24.175 [info] Got 1 verified sessions.
2025-12-01 15:19:24.175 [info] Got 1 sessions for ...
2025-12-01 15:19:24.175 [info] Getting sessions for all scopes...
2025-12-01 15:19:24.175 [info] Got 1 sessions for ...
2025-12-01 15:19:24.175 [info] Getting sessions for all scopes...
2025-12-01 15:19:24.175 [info] Got 1 sessions for ...
2025-12-01 15:19:24.175 [info] Getting sessions for all scopes...
2025-12-01 15:19:24.175 [info] Got 1 sessions for ...
2025-12-01 15:19:24.175 [info] Getting sessions for all scopes...
2025-12-01 15:19:24.175 [info] Got 1 sessions for ...
2025-12-01 15:19:24.175 [info] Getting sessions for all scopes...
2025-12-01 15:19:24.175 [info] Got 1 sessions for ...
2025-12-01 15:19:24.175 [info] Getting sessions for all scopes...
2025-12-01 15:19:24.175 [info] Got 1 sessions for ...
2025-12-01 15:19:24.175 [info] Getting sessions for all scopes...
2025-12-01 15:19:24.175 [info] Got 1 sessions for ...
2025-12-01 15:19:24.175 [info] Getting sessions for all scopes...
2025-12-01 15:19:24.175 [info] Got 1 sessions for ...
2025-12-01 15:19:24.175 [info] Getting sessions for all scopes...
2025-12-01 15:19:24.175 [info] Got 1 sessions for ...
2025-12-01 15:19:24.175 [info] Getting sessions for all scopes...
2025-12-01 15:19:24.175 [info] Got 1 sessions for ...
2025-12-01 15:19:24.175 [info] Getting sessions for all scopes...
2025-12-01 15:19:24.175 [info] Got 1 sessions for ...
2025-12-01 15:19:24.175 [info] Getting sessions for all scopes...
2025-12-01 15:19:24.175 [info] Got 1 sessions for ...
2025-12-01 15:19:24.231 [info] Getting sessions for all scopes...
2025-12-01 15:19:24.231 [info] Got 1 sessions for ...
2025-12-01 15:19:24.582 [info] Getting sessions for all scopes...
2025-12-01 15:19:24.583 [info] Got 1 sessions for ...
2025-12-01 15:19:25.637 [info] FetcherService: Electron fetch failed with status: 429 
2025-12-01 15:19:25.914 [info] Getting sessions for all scopes...
2025-12-01 15:19:25.914 [info] Got 1 sessions for ...
2025-12-01 15:19:26.293 [info] FetcherService: Node fetch failed with status: 429 Too Many Requests
2025-12-01 15:19:26.758 [info] FetcherService: Node http/s failed with status: 429 Too Many Requests
2025-12-01 15:20:24.450 [info] Getting sessions for read:user,repo,user:email,workflow...
2025-12-01 15:20:24.450 [info] Got 1 sessions for read:user,repo,user:email,workflow...
