2025-12-01 15:03:13.079 [info] Reading sessions from keychain...
2025-12-01 15:03:13.079 [info] Getting sessions for all scopes...
2025-12-01 15:03:13.079 [info] Got 0 sessions for ...
2025-12-01 15:03:13.079 [info] Getting sessions for all scopes...
2025-12-01 15:03:13.079 [info] Got 0 sessions for ...
2025-12-01 15:03:13.079 [info] Getting sessions for all scopes...
2025-12-01 15:03:13.079 [info] Got 0 sessions for ...
2025-12-01 15:03:13.079 [info] Getting sessions for all scopes...
2025-12-01 15:03:13.079 [info] Got 0 sessions for ...
2025-12-01 15:03:13.079 [info] Getting sessions for all scopes...
2025-12-01 15:03:13.079 [info] Got 0 sessions for ...
2025-12-01 15:03:13.079 [info] Getting sessions for all scopes...
2025-12-01 15:03:13.079 [info] Got 0 sessions for ...
2025-12-01 15:03:13.079 [info] Getting sessions for all scopes...
2025-12-01 15:03:13.079 [info] Got 0 sessions for ...
2025-12-01 15:03:13.079 [info] Getting sessions for all scopes...
2025-12-01 15:03:13.079 [info] Got 0 sessions for ...
2025-12-01 15:03:13.087 [info] Getting sessions for all scopes...
2025-12-01 15:03:13.087 [info] Got 0 sessions for ...
2025-12-01 15:03:13.087 [info] Getting sessions for all scopes...
2025-12-01 15:03:13.087 [info] Got 0 sessions for ...
2025-12-01 15:03:13.087 [info] Getting sessions for all scopes...
2025-12-01 15:03:13.087 [info] Got 0 sessions for ...
2025-12-01 15:03:13.088 [info] Getting sessions for all scopes...
2025-12-01 15:03:13.088 [info] Got 0 sessions for ...
2025-12-01 15:03:13.088 [info] Getting sessions for all scopes...
2025-12-01 15:03:13.088 [info] Got 0 sessions for ...
2025-12-01 15:03:13.088 [info] Getting sessions for all scopes...
2025-12-01 15:03:13.088 [info] Got 0 sessions for ...
2025-12-01 15:03:13.316 [info] Getting sessions for all scopes...
2025-12-01 15:03:13.316 [info] Got 0 sessions for ...
2025-12-01 15:03:14.687 [info] Getting sessions for all scopes...
2025-12-01 15:03:14.687 [info] Got 0 sessions for ...
2025-12-01 15:03:18.356 [info] Getting sessions for read:user,repo,user:email,workflow...
2025-12-01 15:03:18.356 [info] Got 0 sessions for read:user,repo,user:email,workflow...
2025-12-01 15:03:51.326 [info] Getting sessions for read:user,repo,user:email,workflow...
2025-12-01 15:03:51.326 [info] Got 0 sessions for read:user,repo,user:email,workflow...
2025-12-01 15:03:54.338 [info] Logging in with 'any' account...
2025-12-01 15:03:54.338 [info] Logging in for the following scopes: read:user repo user:email workflow
2025-12-01 15:03:54.392 [info] Trying with local server... (read:user repo user:email workflow)
2025-12-01 15:04:06.091 [info] Exchanging code for token...
2025-12-01 15:04:06.400 [info] Token exchange success!
2025-12-01 15:04:06.402 [info] Getting user info...
2025-12-01 15:04:06.736 [info] Got account info!
2025-12-01 15:04:06.737 [info] Storing 1 sessions...
2025-12-01 15:04:07.211 [info] FetcherService: Electron fetch failed with status: 429 
2025-12-01 15:04:07.689 [info] FetcherService: Node fetch failed with status: 429 Too Many Requests
2025-12-01 15:04:08.209 [info] FetcherService: Node http/s failed with status: 429 Too Many Requests
2025-12-01 15:04:34.741 [info] Reading sessions from keychain...
2025-12-01 15:04:34.741 [info] Stored 1 sessions!
2025-12-01 15:04:34.741 [info] Login success!
2025-12-01 15:04:34.741 [info] Getting sessions for all scopes...
2025-12-01 15:04:34.780 [info] Got stored sessions!
2025-12-01 15:04:34.780 [info] Got 1 verified sessions.
2025-12-01 15:04:34.780 [info] Got 1 sessions for ...
2025-12-01 15:04:34.780 [info] Getting sessions for all scopes...
2025-12-01 15:04:34.780 [info] Got 1 sessions for ...
2025-12-01 15:04:34.780 [info] Getting sessions for all scopes...
2025-12-01 15:04:34.780 [info] Got 1 sessions for ...
2025-12-01 15:04:34.781 [info] Getting sessions for all scopes...
2025-12-01 15:04:34.781 [info] Got 1 sessions for ...
2025-12-01 15:04:34.781 [info] Getting sessions for all scopes...
2025-12-01 15:04:34.781 [info] Got 1 sessions for ...
2025-12-01 15:04:34.781 [info] Getting sessions for all scopes...
2025-12-01 15:04:34.781 [info] Got 1 sessions for ...
2025-12-01 15:04:34.782 [info] Getting sessions for read:user,repo,user:email,workflow...
2025-12-01 15:04:34.782 [info] Got 1 sessions for read:user,repo,user:email,workflow...
2025-12-01 15:08:59.359 [info] Getting sessions for read:user,repo,user:email,workflow...
2025-12-01 15:08:59.359 [info] Got 1 sessions for read:user,repo,user:email,workflow...
2025-12-01 15:09:15.122 [info] Getting sessions for read:user,repo,user:email,workflow...
2025-12-01 15:09:15.122 [info] Got 1 sessions for read:user,repo,user:email,workflow...
2025-12-01 15:09:29.123 [info] Getting sessions for read:user,repo,user:email,workflow...
2025-12-01 15:09:29.123 [info] Got 1 sessions for read:user,repo,user:email,workflow...
2025-12-01 15:09:53.397 [info] Getting sessions for read:user,repo,user:email,workflow...
2025-12-01 15:09:53.397 [info] Got 1 sessions for read:user,repo,user:email,workflow...
2025-12-01 15:10:33.290 [info] Getting sessions for read:user,repo,user:email,workflow...
2025-12-01 15:10:33.290 [info] Got 1 sessions for read:user,repo,user:email,workflow...
