2025-12-01 15:49:02.499 [info] Reading sessions from keychain...
2025-12-01 15:49:02.499 [info] Getting sessions for all scopes...
2025-12-01 15:49:02.557 [info] Got stored sessions!
2025-12-01 15:49:02.557 [info] Got 1 verified sessions.
2025-12-01 15:49:02.557 [info] Got 1 sessions for ...
2025-12-01 15:49:02.557 [info] Getting sessions for all scopes...
2025-12-01 15:49:02.557 [info] Got 1 sessions for ...
2025-12-01 15:49:02.557 [info] Getting sessions for all scopes...
2025-12-01 15:49:02.558 [info] Got 1 sessions for ...
2025-12-01 15:49:02.558 [info] Getting sessions for all scopes...
2025-12-01 15:49:02.558 [info] Got 1 sessions for ...
2025-12-01 15:49:02.558 [info] Getting sessions for all scopes...
2025-12-01 15:49:02.558 [info] Got 1 sessions for ...
2025-12-01 15:49:02.558 [info] Getting sessions for all scopes...
2025-12-01 15:49:02.558 [info] Got 1 sessions for ...
2025-12-01 15:49:02.558 [info] Getting sessions for all scopes...
2025-12-01 15:49:02.558 [info] Got 1 sessions for ...
2025-12-01 15:49:02.655 [info] Getting sessions for all scopes...
2025-12-01 15:49:02.656 [info] Got 1 sessions for ...
2025-12-01 15:49:02.656 [info] Getting sessions for all scopes...
2025-12-01 15:49:02.656 [info] Got 1 sessions for ...
2025-12-01 15:49:02.656 [info] Getting sessions for all scopes...
2025-12-01 15:49:02.656 [info] Got 1 sessions for ...
2025-12-01 15:49:02.656 [info] Getting sessions for all scopes...
2025-12-01 15:49:02.656 [info] Got 1 sessions for ...
2025-12-01 15:49:02.656 [info] Getting sessions for all scopes...
2025-12-01 15:49:02.656 [info] Got 1 sessions for ...
2025-12-01 15:49:02.656 [info] Getting sessions for all scopes...
2025-12-01 15:49:02.656 [info] Got 1 sessions for ...
2025-12-01 15:49:02.774 [info] Getting sessions for all scopes...
2025-12-01 15:49:02.774 [info] Got 1 sessions for ...
2025-12-01 15:49:03.107 [info] Getting sessions for read:user,repo,user:email,workflow...
2025-12-01 15:49:03.107 [info] Got 1 sessions for read:user,repo,user:email,workflow...
2025-12-01 15:49:03.450 [info] Getting sessions for all scopes...
2025-12-01 15:49:03.450 [info] Got 1 sessions for ...
2025-12-01 15:49:03.850 [info] Getting sessions for all scopes...
2025-12-01 15:49:03.850 [info] Got 1 sessions for ...
2025-12-01 15:49:04.027 [info] FetcherService: Electron fetch failed with status: 429 
2025-12-01 15:49:04.598 [info] FetcherService: Node fetch failed with status: 429 Too Many Requests
2025-12-01 15:49:05.077 [info] FetcherService: Node http/s failed with status: 429 Too Many Requests
2025-12-01 15:49:51.170 [info] Getting sessions for read:user,repo,user:email,workflow...
2025-12-01 15:49:51.170 [info] Got 1 sessions for read:user,repo,user:email,workflow...
