2025-12-01 15:03:18.269 [info] [main] Log level: Info
2025-12-01 15:03:18.270 [info] [main] Validating found git in: "git"
2025-12-01 15:03:18.270 [info] [main] Using git "2.52.0" from "git"
2025-12-01 15:03:18.270 [info] [Model][doInitialScan] Initial repository scan started
2025-12-01 15:03:18.270 [info] > git rev-parse --show-toplevel [7ms]
2025-12-01 15:03:18.272 [info] > git rev-parse --git-dir --git-common-dir --show-superproject-working-tree [3ms]
2025-12-01 15:03:18.283 [info] [Model][openRepository] Opened repository (path): /home/miranda/hyprland-config
2025-12-01 15:03:18.283 [info] [Model][openRepository] Opened repository (real path): /home/miranda/hyprland-config
2025-12-01 15:03:18.283 [info] [Model][openRepository] Opened repository (kind): repository
2025-12-01 15:03:18.299 [info] > git rev-parse --show-toplevel [3ms]
2025-12-01 15:03:18.300 [info] > git config --get commit.template [8ms]
2025-12-01 15:03:18.312 [info] > git rev-parse --show-toplevel [6ms]
2025-12-01 15:03:18.314 [info] [Model][doInitialScan] Initial repository scan completed - repositories (1), closed repositories (0), parent repositories (0), unsafe repositories (0)
2025-12-01 15:03:18.315 [info] > git for-each-ref --format=%(refname)%00%(upstream:short)%00%(objectname)%00%(upstream:track)%00%(upstream:remotename)%00%(upstream:remoteref) refs/heads/main refs/remotes/main [5ms]
2025-12-01 15:03:18.327 [info] > git status -z -uall [7ms]
2025-12-01 15:03:18.328 [info] > git for-each-ref --sort -committerdate --format %(refname)%00%(objectname)%00%(*objectname) [2ms]
2025-12-01 15:03:18.343 [info] > git for-each-ref --format=%(refname)%00%(upstream:short)%00%(objectname)%00%(upstream:track)%00%(upstream:remotename)%00%(upstream:remoteref) refs/heads/main refs/remotes/main [7ms]
2025-12-01 15:03:18.350 [info] > git config --get --local branch.main.vscode-merge-base [2ms]
2025-12-01 15:03:18.350 [warning] [Git][config] git config failed: Failed to execute git
2025-12-01 15:03:18.355 [info] > git config --get commit.template [12ms]
2025-12-01 15:03:18.361 [info] > git reflog main --grep-reflog=branch: Created from *. [6ms]
2025-12-01 15:03:18.365 [info] > git for-each-ref --format=%(refname)%00%(upstream:short)%00%(objectname)%00%(upstream:track)%00%(upstream:remotename)%00%(upstream:remoteref) refs/heads/main refs/remotes/main [5ms]
2025-12-01 15:03:18.375 [info] > git status -z -uall [6ms]
2025-12-01 15:03:18.375 [info] > git symbolic-ref --short refs/remotes/origin/HEAD [10ms]
2025-12-01 15:03:18.375 [info] fatal: ref refs/remotes/origin/HEAD is not a symbolic ref
2025-12-01 15:03:18.375 [warning] [Repository][getDefaultBranch] Failed to get default branch details: Failed to execute git.
2025-12-01 15:03:18.377 [info] > git for-each-ref --sort -committerdate --format %(refname)%00%(objectname)%00%(*objectname) [3ms]
2025-12-01 15:03:18.816 [info] > git check-ignore -v -z --stdin [4ms]
2025-12-01 15:03:54.395 [info] > git config --get commit.template [5ms]
2025-12-01 15:03:54.401 [info] > git for-each-ref --format=%(refname)%00%(upstream:short)%00%(objectname)%00%(upstream:track)%00%(upstream:remotename)%00%(upstream:remoteref) refs/heads/main refs/remotes/main [1ms]
2025-12-01 15:03:54.415 [info] > git status -z -uall [6ms]
2025-12-01 15:03:54.416 [info] > git for-each-ref --sort -committerdate --format %(refname)%00%(objectname)%00%(*objectname) [2ms]
2025-12-01 15:04:40.426 [info] > git config --get commit.template [11ms]
2025-12-01 15:04:40.427 [info] > git for-each-ref --format=%(refname)%00%(upstream:short)%00%(objectname)%00%(upstream:track)%00%(upstream:remotename)%00%(upstream:remoteref) refs/heads/main refs/remotes/main [2ms]
2025-12-01 15:04:40.440 [info] > git status -z -uall [8ms]
2025-12-01 15:04:40.441 [info] > git for-each-ref --sort -committerdate --format %(refname)%00%(objectname)%00%(*objectname) [2ms]
2025-12-01 15:04:40.456 [info] > git merge-base refs/heads/main refs/remotes/origin/main [2ms]
2025-12-01 15:04:40.467 [info] > git diff --name-status -z --diff-filter=ADMR --find-renames=50% d73744468fadae7ed8eb84da225afe92dc1b8bb8...refs/remotes/origin/main -- [2ms]
2025-12-01 15:07:43.329 [info] > git config --get commit.template [14ms]
2025-12-01 15:07:43.331 [info] > git for-each-ref --format=%(refname)%00%(upstream:short)%00%(objectname)%00%(upstream:track)%00%(upstream:remotename)%00%(upstream:remoteref) refs/heads/main refs/remotes/main [4ms]
2025-12-01 15:07:43.347 [info] > git status -z -uall [8ms]
2025-12-01 15:07:43.349 [info] > git for-each-ref --sort -committerdate --format %(refname)%00%(objectname)%00%(*objectname) [2ms]
2025-12-01 15:08:03.146 [info] > git config --get commit.template [9ms]
2025-12-01 15:08:03.148 [info] > git for-each-ref --format=%(refname)%00%(upstream:short)%00%(objectname)%00%(upstream:track)%00%(upstream:remotename)%00%(upstream:remoteref) refs/heads/main refs/remotes/main [4ms]
2025-12-01 15:08:03.168 [info] > git status -z -uall [9ms]
2025-12-01 15:08:03.171 [info] > git for-each-ref --sort -committerdate --format %(refname)%00%(objectname)%00%(*objectname) [4ms]
2025-12-01 15:08:32.451 [info] > git config --get commit.template [6ms]
2025-12-01 15:08:32.452 [info] > git for-each-ref --format=%(refname)%00%(upstream:short)%00%(objectname)%00%(upstream:track)%00%(upstream:remotename)%00%(upstream:remoteref) refs/heads/main refs/remotes/main [1ms]
2025-12-01 15:08:32.464 [info] > git status -z -uall [6ms]
2025-12-01 15:08:32.465 [info] > git for-each-ref --sort -committerdate --format %(refname)%00%(objectname)%00%(*objectname) [2ms]
2025-12-01 15:08:32.483 [info] > git merge-base refs/heads/main refs/remotes/origin/main [4ms]
2025-12-01 15:08:32.492 [info] > git diff --name-status -z --diff-filter=ADMR --find-renames=50% d73744468fadae7ed8eb84da225afe92dc1b8bb8...refs/remotes/origin/main -- [2ms]
2025-12-01 15:09:15.880 [info] > git config --get commit.template [1ms]
2025-12-01 15:09:15.891 [info] > git for-each-ref --format=%(refname)%00%(upstream:short)%00%(objectname)%00%(upstream:track)%00%(upstream:remotename)%00%(upstream:remoteref) refs/heads/main refs/remotes/main [2ms]
2025-12-01 15:09:15.914 [info] > git status -z -uall [12ms]
2025-12-01 15:09:15.916 [info] > git for-each-ref --sort -committerdate --format %(refname)%00%(objectname)%00%(*objectname) [3ms]
2025-12-01 15:09:54.159 [info] > git config --get commit.template [11ms]
2025-12-01 15:09:54.162 [info] > git for-each-ref --format=%(refname)%00%(upstream:short)%00%(objectname)%00%(upstream:track)%00%(upstream:remotename)%00%(upstream:remoteref) refs/heads/main refs/remotes/main [4ms]
2025-12-01 15:09:54.182 [info] > git status -z -uall [9ms]
2025-12-01 15:09:54.185 [info] > git for-each-ref --sort -committerdate --format %(refname)%00%(objectname)%00%(*objectname) [4ms]
2025-12-01 15:10:24.880 [info] > git config --get commit.template [12ms]
2025-12-01 15:10:24.882 [info] > git for-each-ref --format=%(refname)%00%(upstream:short)%00%(objectname)%00%(upstream:track)%00%(upstream:remotename)%00%(upstream:remoteref) refs/heads/main refs/remotes/main [3ms]
2025-12-01 15:10:24.903 [info] > git status -z -uall [11ms]
2025-12-01 15:10:24.905 [info] > git for-each-ref --sort -committerdate --format %(refname)%00%(objectname)%00%(*objectname) [3ms]
2025-12-01 15:10:24.924 [info] > git merge-base refs/heads/main refs/remotes/origin/main [3ms]
2025-12-01 15:10:24.933 [info] > git diff --name-status -z --diff-filter=ADMR --find-renames=50% d73744468fadae7ed8eb84da225afe92dc1b8bb8...refs/remotes/origin/main -- [2ms]
2025-12-01 15:10:34.046 [info] > git config --get commit.template [9ms]
2025-12-01 15:10:34.049 [info] > git for-each-ref --format=%(refname)%00%(upstream:short)%00%(objectname)%00%(upstream:track)%00%(upstream:remotename)%00%(upstream:remoteref) refs/heads/main refs/remotes/main [4ms]
2025-12-01 15:10:34.069 [info] > git status -z -uall [10ms]
2025-12-01 15:10:34.071 [info] > git for-each-ref --sort -committerdate --format %(refname)%00%(objectname)%00%(*objectname) [3ms]
2025-12-01 15:11:11.901 [info] > git config --get commit.template [12ms]
2025-12-01 15:11:11.904 [info] > git for-each-ref --format=%(refname)%00%(upstream:short)%00%(objectname)%00%(upstream:track)%00%(upstream:remotename)%00%(upstream:remoteref) refs/heads/main refs/remotes/main [4ms]
2025-12-01 15:11:11.927 [info] > git status -z -uall [12ms]
2025-12-01 15:11:11.930 [info] > git for-each-ref --sort -committerdate --format %(refname)%00%(objectname)%00%(*objectname) [4ms]
2025-12-01 15:14:33.467 [info] > git config --get commit.template [12ms]
2025-12-01 15:14:33.469 [info] > git for-each-ref --format=%(refname)%00%(upstream:short)%00%(objectname)%00%(upstream:track)%00%(upstream:remotename)%00%(upstream:remoteref) refs/heads/main refs/remotes/main [4ms]
2025-12-01 15:14:33.494 [info] > git status -z -uall [14ms]
2025-12-01 15:14:33.495 [info] > git for-each-ref --sort -committerdate --format %(refname)%00%(objectname)%00%(*objectname) [4ms]
2025-12-01 15:14:33.509 [info] > git merge-base refs/heads/main refs/remotes/origin/main [4ms]
2025-12-01 15:14:33.521 [info] > git diff --name-status -z --diff-filter=ADMR --find-renames=50% d73744468fadae7ed8eb84da225afe92dc1b8bb8...refs/remotes/origin/main -- [4ms]
