2025-12-01 15:33:52.252 [info] Reading sessions from keychain...
2025-12-01 15:33:52.252 [info] Getting sessions for all scopes...
2025-12-01 15:33:52.252 [info] Got stored sessions!
2025-12-01 15:33:52.252 [info] Got 1 verified sessions.
2025-12-01 15:33:52.252 [info] Got 1 sessions for ...
2025-12-01 15:33:52.252 [info] Getting sessions for all scopes...
2025-12-01 15:33:52.252 [info] Got 1 sessions for ...
2025-12-01 15:33:52.252 [info] Getting sessions for all scopes...
2025-12-01 15:33:52.252 [info] Got 1 sessions for ...
2025-12-01 15:33:52.252 [info] Getting sessions for all scopes...
2025-12-01 15:33:52.252 [info] Got 1 sessions for ...
2025-12-01 15:33:52.252 [info] Getting sessions for all scopes...
2025-12-01 15:33:52.252 [info] Got 1 sessions for ...
2025-12-01 15:33:52.252 [info] Getting sessions for all scopes...
2025-12-01 15:33:52.252 [info] Got 1 sessions for ...
2025-12-01 15:33:52.252 [info] Getting sessions for all scopes...
2025-12-01 15:33:52.252 [info] Got 1 sessions for ...
2025-12-01 15:33:52.252 [info] Getting sessions for all scopes...
2025-12-01 15:33:52.252 [info] Got 1 sessions for ...
2025-12-01 15:33:52.257 [info] Getting sessions for all scopes...
2025-12-01 15:33:52.257 [info] Got 1 sessions for ...
2025-12-01 15:33:52.257 [info] Getting sessions for all scopes...
2025-12-01 15:33:52.257 [info] Got 1 sessions for ...
2025-12-01 15:33:52.257 [info] Getting sessions for all scopes...
2025-12-01 15:33:52.257 [info] Got 1 sessions for ...
2025-12-01 15:33:52.258 [info] Getting sessions for all scopes...
2025-12-01 15:33:52.258 [info] Got 1 sessions for ...
2025-12-01 15:33:52.258 [info] Getting sessions for all scopes...
2025-12-01 15:33:52.258 [info] Got 1 sessions for ...
2025-12-01 15:33:52.258 [info] Getting sessions for all scopes...
2025-12-01 15:33:52.258 [info] Got 1 sessions for ...
2025-12-01 15:33:52.529 [info] Getting sessions for all scopes...
2025-12-01 15:33:52.529 [info] Got 1 sessions for ...
2025-12-01 15:33:53.735 [info] FetcherService: Electron fetch failed with status: 429 
2025-12-01 15:33:53.748 [info] Getting sessions for all scopes...
2025-12-01 15:33:53.748 [info] Got 1 sessions for ...
2025-12-01 15:33:54.396 [info] FetcherService: Node fetch failed with status: 429 Too Many Requests
2025-12-01 15:33:54.863 [info] FetcherService: Node http/s failed with status: 429 Too Many Requests
2025-12-01 15:34:15.373 [info] Getting sessions for read:user,repo,user:email,workflow...
2025-12-01 15:34:15.373 [info] Got 1 sessions for read:user,repo,user:email,workflow...
