2025-12-01 15:23:39.471 [info] Reading sessions from keychain...
2025-12-01 15:23:39.471 [info] Getting sessions for all scopes...
2025-12-01 15:23:39.471 [info] Got stored sessions!
2025-12-01 15:23:39.471 [info] Got 1 verified sessions.
2025-12-01 15:23:39.471 [info] Got 1 sessions for ...
2025-12-01 15:23:39.471 [info] Getting sessions for all scopes...
2025-12-01 15:23:39.471 [info] Got 1 sessions for ...
2025-12-01 15:23:39.471 [info] Getting sessions for all scopes...
2025-12-01 15:23:39.471 [info] Got 1 sessions for ...
2025-12-01 15:23:39.471 [info] Getting sessions for all scopes...
2025-12-01 15:23:39.471 [info] Got 1 sessions for ...
2025-12-01 15:23:39.471 [info] Getting sessions for all scopes...
2025-12-01 15:23:39.471 [info] Got 1 sessions for ...
2025-12-01 15:23:39.471 [info] Getting sessions for all scopes...
2025-12-01 15:23:39.471 [info] Got 1 sessions for ...
2025-12-01 15:23:39.471 [info] Getting sessions for all scopes...
2025-12-01 15:23:39.471 [info] Got 1 sessions for ...
2025-12-01 15:23:39.471 [info] Getting sessions for all scopes...
2025-12-01 15:23:39.471 [info] Got 1 sessions for ...
2025-12-01 15:23:39.471 [info] Getting sessions for all scopes...
2025-12-01 15:23:39.471 [info] Got 1 sessions for ...
2025-12-01 15:23:39.471 [info] Getting sessions for all scopes...
2025-12-01 15:23:39.471 [info] Got 1 sessions for ...
2025-12-01 15:23:39.471 [info] Getting sessions for all scopes...
2025-12-01 15:23:39.471 [info] Got 1 sessions for ...
2025-12-01 15:23:39.471 [info] Getting sessions for all scopes...
2025-12-01 15:23:39.471 [info] Got 1 sessions for ...
2025-12-01 15:23:39.471 [info] Getting sessions for all scopes...
2025-12-01 15:23:39.471 [info] Got 1 sessions for ...
2025-12-01 15:23:39.471 [info] Getting sessions for all scopes...
2025-12-01 15:23:39.471 [info] Got 1 sessions for ...
2025-12-01 15:23:39.819 [info] Getting sessions for all scopes...
2025-12-01 15:23:39.819 [info] Got 1 sessions for ...
2025-12-01 15:23:40.934 [info] FetcherService: Electron fetch failed with status: 429 
2025-12-01 15:23:41.075 [info] Getting sessions for all scopes...
2025-12-01 15:23:41.076 [info] Got 1 sessions for ...
2025-12-01 15:23:41.717 [info] FetcherService: Node fetch failed with status: 429 Too Many Requests
2025-12-01 15:23:42.199 [info] FetcherService: Node http/s failed with status: 429 Too Many Requests
